   This run of MOLCAS is using the pymolcas driver

                             OPE
                             OPE          NMOL  CASOP  ENMOLC A   SO
                 OPE        NMOLC        AS  OP EN  MO LC     AS  OP
                OPENM       OL CA        SO  PE NM  OL CA     SOP EN
                OP EN      MO   LC       AS  OP ENMOL  CASO   PENMOL
                OP  EN     MO   LC       AS  OP EN     MO     LC ASO
               OP   E  NMOL  C  AS       OP  EN MO     LC     AS  OP
               OP  E   NMO   LC AS        OPEN  MO     LCASOP EN   M
               O  PEN   MO  LCA  SO
            OPE   NMO   L   CAS    OP
        OPENMOL  CASOP     ENMOL   CASOPE
     OPENMOLCA   SOPENMOLCASOPEN   MOLCASOPE
    OPENMOLCAS   OP           EN   MOL    CAS
    OPENMOLCAS       OP  ENM        O     LCA
    OPENMOLCAS    OPEN  MOLCASO     P  E  NMO
    OPENMOLCAS     OP               E  N  MOL
    OPENMOLCA   SO           PENM   O  L  CAS    OPEN    MO    LCAS
    OPENMOLCA   SOP           ENM   O  L  CAS   OP  EN  MOLC  AS   O
    OPENMOLCA   SOPE           NM      O  LCA   S      OP  EN MO
    OPENMOLC                AS         O  PEN   M      OL  CA  SOPE
    OPENMO        LCASOPE  NMOL        C  ASO   P      ENMOLC     AS
    OPE     NMO      LCA  SO     P     E   NM   OL  CA SO  PE N   MO
          OPENMOLCA            SOPE   NMO        LCAS  O    P  ENMO
     OPENMOLCASOPENMOLCASOPENMOLCASOPENMOLCA
        OPENMOLCASOPENMOLCASOPENMOLCASOPE
            OPENMOLCASOPENMOLCASOPENM
               OPENMOLCASOPENMOLCA        version: 25.02
                   OPENMOLCASO
                       OPE                tag: 92-gf4b470f0a

 OpenMolcas is free software; you can redistribute it and/or modify it
 under the terms of the GNU Lesser General Public License version 2.1.
 OpenMolcas is distributed in the hope that it will be useful, but it
 is provided "as is" and without any express or implied warranties.
 For more details see the full text of the license in the file
 LICENSE or in <http://www.gnu.org/licenses/>.

                 Copyright (C) The OpenMolcas Authors
           For the author list and the recommended citation,
                   consult the file CONTRIBUTORS.md

           *************************************************
           * pymolcas version py2.29                       *
           *   build 2ba4516c4d154a59cba941070ba63e2c      *
           *   (after the EMIL interpreter by V. Veryazov) *
           *************************************************

configuration info
------------------
Host name: iftia91.univ.gda.pl (Linux)
C Compiler ID: GNU
C flags: -std=gnu99
Fortran Compiler ID: GNU
Fortran flags: -cpp -fdefault-integer-8 -fmax-stack-var-size=1048576
Definitions: _MOLCAS_;_I8_;_LINUX_
Parallel: OFF (GA=OFF)


   --------------------------------------------------------------------
  |
  |           Project: O2
  |    Submitted from: /scratch/tecumseh/WorkSpace/O2.3.5000
  |      Scratch area: /scratch/tecumseh/WorkSpace/O2.3.5000
  |   Save outputs to: WORKDIR
  |            Molcas: /home/tecumseh/program/OpenMolcas/build
  |
  | Scratch area is NOT empty
  |
  |    MOLCAS_DRIVER = /home/tecumseh/program/OpenMolcas/build/pymolcas
  |    MOLCAS_NPROCS = 1
  |    MOLCAS_SOURCE = /home/tecumseh/program/OpenMolcas/OpenMolcas
  | MOLCAS_STRUCTURE = 0
  |
   --------------------------------------------------------------------

++ ---------   Input file   ---------

>>> COPY $dir/vectors/$Project.$R.1Ag-12S.JobIph $WorkDir/JOBIPH

>>> COPY $dir/vectors/$Project.$R.3Ag-3S.JobIph $WorkDir/JOBIPH01

>>> COPY $dir/vectors/$Project.$R.5Ag-3S.JobIph $WorkDir/JOBIPH02

>>> COPY $dir/vectors/$Project.$R.1B3u-5S.JobIph $WorkDir/JOBIPH03

>>> COPY $dir/vectors/$Project.$R.3B3u-6S.JobIph $WorkDir/JOBIPH04

>>> COPY $dir/vectors/$Project.$R.5B3u-1S.JobIph $WorkDir/JOBIPH05

>>> COPY $dir/vectors/$Project.$R.1B2u-5S.JobIph $WorkDir/JOBIPH06

>>> COPY $dir/vectors/$Project.$R.3B2u-6S.JobIph $WorkDir/JOBIPH07

>>> COPY $dir/vectors/$Project.$R.5B2u-1S.JobIph $WorkDir/JOBIPH08

>>> COPY $dir/vectors/$Project.$R.1B1g-5S.JobIph $WorkDir/JOBIPH09

>>> COPY $dir/vectors/$Project.$R.3B1g-6S.JobIph $WorkDir/JOBIPH10

>>> COPY $dir/vectors/$Project.$R.5B1g-1S.JobIph $WorkDir/JOBIPH11

>>> COPY $dir/vectors/$Project.$R.1B1u-3S.JobIph $WorkDir/JOBIPH12

>>> COPY $dir/vectors/$Project.$R.3B1u-6S.JobIph $WorkDir/JOBIPH13

>>> COPY $dir/vectors/$Project.$R.1B2g-5S.JobIph $WorkDir/JOBIPH14

>>> COPY $dir/vectors/$Project.$R.3B2g-6S.JobIph $WorkDir/JOBIPH15

>>> COPY $dir/vectors/$Project.$R.5B2g-1S.JobIph $WorkDir/JOBIPH16

>>> COPY $dir/vectors/$Project.$R.1B3g-5S.JobIph $WorkDir/JOBIPH17

>>> COPY $dir/vectors/$Project.$R.3B3g-6S.JobIph $WorkDir/JOBIPH18

>>> COPY $dir/vectors/$Project.$R.5B3g-1S.JobIph $WorkDir/JOBIPH19

>>> COPY $dir/vectors/$Project.$R.1Au-5S.JobIph $WorkDir/JOBIPH20

>>> COPY $dir/vectors/$Project.$R.3Au-6S.JobIph $WorkDir/JOBIPH21

>>> COPY $dir/vectors/$Project.$R.5Au-1S.JobIph $WorkDir/JOBIPH22

&RASSI

OMEGa
NROF=23 12 3 3 5 6 1 5 6 1 5 6 1 3 6 5 6 1 5 6 1 5 6 1
1 2 3 4 5 6 7 8 9 10 11 12
1 2 3
1 2 3
1 2 3 4 5
1 2 3 4 5 6
1
1 2 3 4 5
1 2 3 4 5 6
1
1 2 3 4 5
1 2 3 4 5 6
1
1 2 3
1 2 3 4 5 6
1 2 3 4 5
1 2 3 4 5 6
1
1 2 3 4 5
1 2 3 4 5 6
1
1 2 3 4 5
1 2 3 4 5 6
1
EJOB

-- ----------------------------------

>>> COPY /home/tecumseh/project/molecule/O2/OpenMolcas/vectors/O2.3.5000.1Ag-12S.JobIph /scratch/tecumseh/WorkSpace/O2.3.5000/JOBIPH

>>> COPY /home/tecumseh/project/molecule/O2/OpenMolcas/vectors/O2.3.5000.3Ag-3S.JobIph /scratch/tecumseh/WorkSpace/O2.3.5000/JOBIPH01

>>> COPY /home/tecumseh/project/molecule/O2/OpenMolcas/vectors/O2.3.5000.5Ag-3S.JobIph /scratch/tecumseh/WorkSpace/O2.3.5000/JOBIPH02

>>> COPY /home/tecumseh/project/molecule/O2/OpenMolcas/vectors/O2.3.5000.1B3u-5S.JobIph /scratch/tecumseh/WorkSpace/O2.3.5000/JOBIPH03

>>> COPY /home/tecumseh/project/molecule/O2/OpenMolcas/vectors/O2.3.5000.3B3u-6S.JobIph /scratch/tecumseh/WorkSpace/O2.3.5000/JOBIPH04

>>> COPY /home/tecumseh/project/molecule/O2/OpenMolcas/vectors/O2.3.5000.5B3u-1S.JobIph /scratch/tecumseh/WorkSpace/O2.3.5000/JOBIPH05

>>> COPY /home/tecumseh/project/molecule/O2/OpenMolcas/vectors/O2.3.5000.1B2u-5S.JobIph /scratch/tecumseh/WorkSpace/O2.3.5000/JOBIPH06

>>> COPY /home/tecumseh/project/molecule/O2/OpenMolcas/vectors/O2.3.5000.3B2u-6S.JobIph /scratch/tecumseh/WorkSpace/O2.3.5000/JOBIPH07

>>> COPY /home/tecumseh/project/molecule/O2/OpenMolcas/vectors/O2.3.5000.5B2u-1S.JobIph /scratch/tecumseh/WorkSpace/O2.3.5000/JOBIPH08

>>> COPY /home/tecumseh/project/molecule/O2/OpenMolcas/vectors/O2.3.5000.1B1g-5S.JobIph /scratch/tecumseh/WorkSpace/O2.3.5000/JOBIPH09

>>> COPY /home/tecumseh/project/molecule/O2/OpenMolcas/vectors/O2.3.5000.3B1g-6S.JobIph /scratch/tecumseh/WorkSpace/O2.3.5000/JOBIPH10

>>> COPY /home/tecumseh/project/molecule/O2/OpenMolcas/vectors/O2.3.5000.5B1g-1S.JobIph /scratch/tecumseh/WorkSpace/O2.3.5000/JOBIPH11

>>> COPY /home/tecumseh/project/molecule/O2/OpenMolcas/vectors/O2.3.5000.1B1u-3S.JobIph /scratch/tecumseh/WorkSpace/O2.3.5000/JOBIPH12

>>> COPY /home/tecumseh/project/molecule/O2/OpenMolcas/vectors/O2.3.5000.3B1u-6S.JobIph /scratch/tecumseh/WorkSpace/O2.3.5000/JOBIPH13

>>> COPY /home/tecumseh/project/molecule/O2/OpenMolcas/vectors/O2.3.5000.1B2g-5S.JobIph /scratch/tecumseh/WorkSpace/O2.3.5000/JOBIPH14

>>> COPY /home/tecumseh/project/molecule/O2/OpenMolcas/vectors/O2.3.5000.3B2g-6S.JobIph /scratch/tecumseh/WorkSpace/O2.3.5000/JOBIPH15

>>> COPY /home/tecumseh/project/molecule/O2/OpenMolcas/vectors/O2.3.5000.5B2g-1S.JobIph /scratch/tecumseh/WorkSpace/O2.3.5000/JOBIPH16

>>> COPY /home/tecumseh/project/molecule/O2/OpenMolcas/vectors/O2.3.5000.1B3g-5S.JobIph /scratch/tecumseh/WorkSpace/O2.3.5000/JOBIPH17

>>> COPY /home/tecumseh/project/molecule/O2/OpenMolcas/vectors/O2.3.5000.3B3g-6S.JobIph /scratch/tecumseh/WorkSpace/O2.3.5000/JOBIPH18

>>> COPY /home/tecumseh/project/molecule/O2/OpenMolcas/vectors/O2.3.5000.5B3g-1S.JobIph /scratch/tecumseh/WorkSpace/O2.3.5000/JOBIPH19

>>> COPY /home/tecumseh/project/molecule/O2/OpenMolcas/vectors/O2.3.5000.1Au-5S.JobIph /scratch/tecumseh/WorkSpace/O2.3.5000/JOBIPH20

>>> COPY /home/tecumseh/project/molecule/O2/OpenMolcas/vectors/O2.3.5000.3Au-6S.JobIph /scratch/tecumseh/WorkSpace/O2.3.5000/JOBIPH21

>>> COPY /home/tecumseh/project/molecule/O2/OpenMolcas/vectors/O2.3.5000.5Au-1S.JobIph /scratch/tecumseh/WorkSpace/O2.3.5000/JOBIPH22

--- Start Module: rassi at Thu Apr 17 11:12:13 2025 ---

()()()()()()()()()()()()()()()()()()()()()()()()()()()()()()()()()()()()()()()()()()()()()()()()()()

                                               &RASSI

                                   only a single process is used
                       available to each process: 2.0 GB of memory, 1 thread?
                                            pid: 299910
()()()()()()()()()()()()()()()()()()()()()()()()()()()()()()()()()()()()()()()()()()()()()()()()()()


      ********************************************************************************
      *                                                                              *
      *                             General data section                             *
      *                                                                              *
      ********************************************************************************

   Specific data for JOBIPH file JOBIPH
   -------------------------------------

   Header from SEWARD:
                            O2, D2h symmetry, aug-cc-pVTZ                      
        Integrals generated by Gateway/Seward, Wed Apr 16 15:48:28 2025        

   CASSCF title (first line only):
       O2, 1Ag 12S                                                             

  STATE IRREP:                1
  SPIN MULTIPLICITY:          1
  ACTIVE ELECTRONS:          12
  MAX RAS1 HOLES:             0
  MAX RAS3 ELECTRONS:         0
  NR OF CONFIG:              60

   Specific data for JOBIPH file JOBIPH01
   -------------------------------------

   Header from SEWARD:
                            O2, D2h symmetry, aug-cc-pVTZ                      
        Integrals generated by Gateway/Seward, Wed Apr 16 15:48:28 2025        

   CASSCF title (first line only):
       O2, 3Ag  3S                                                             

  STATE IRREP:                1
  SPIN MULTIPLICITY:          3
  ACTIVE ELECTRONS:          12
  MAX RAS1 HOLES:             0
  MAX RAS3 ELECTRONS:         0
  NR OF CONFIG:              42

   Specific data for JOBIPH file JOBIPH02
   -------------------------------------

   Header from SEWARD:
                            O2, D2h symmetry, aug-cc-pVTZ                      
        Integrals generated by Gateway/Seward, Wed Apr 16 15:48:28 2025        

   CASSCF title (first line only):
       O2, 5Ag  3S                                                             

  STATE IRREP:                1
  SPIN MULTIPLICITY:          5
  ACTIVE ELECTRONS:          12
  MAX RAS1 HOLES:             0
  MAX RAS3 ELECTRONS:         0
  NR OF CONFIG:              10

   Specific data for JOBIPH file JOBIPH03
   -------------------------------------

   Header from SEWARD:
                            O2, D2h symmetry, aug-cc-pVTZ                      
        Integrals generated by Gateway/Seward, Thu Apr 17 11:12:03 2025        

   CASSCF title (first line only):
       O2, 1B3u 5S                                                             

  STATE IRREP:                2
  SPIN MULTIPLICITY:          1
  ACTIVE ELECTRONS:          12
  MAX RAS1 HOLES:             0
  MAX RAS3 ELECTRONS:         0
  NR OF CONFIG:              40

   Specific data for JOBIPH file JOBIPH04
   -------------------------------------

   Header from SEWARD:
                            O2, D2h symmetry, aug-cc-pVTZ                      
        Integrals generated by Gateway/Seward, Wed Apr 16 15:48:28 2025        

   CASSCF title (first line only):
       O2, 3B3u 6S                                                             

  STATE IRREP:                2
  SPIN MULTIPLICITY:          3
  ACTIVE ELECTRONS:          12
  MAX RAS1 HOLES:             0
  MAX RAS3 ELECTRONS:         0
  NR OF CONFIG:              48

   Specific data for JOBIPH file JOBIPH05
   -------------------------------------

   Header from SEWARD:
                            O2, D2h symmetry, aug-cc-pVTZ                      
        Integrals generated by Gateway/Seward, Wed Apr 16 15:48:28 2025        

   CASSCF title (first line only):
       O2, 5B3u 1S                                                             

  STATE IRREP:                2
  SPIN MULTIPLICITY:          5
  ACTIVE ELECTRONS:          12
  MAX RAS1 HOLES:             0
  MAX RAS3 ELECTRONS:         0
  NR OF CONFIG:               8

   Specific data for JOBIPH file JOBIPH06
   -------------------------------------

   Header from SEWARD:
                            O2, D2h symmetry, aug-cc-pVTZ                      
        Integrals generated by Gateway/Seward, Thu Apr 17 11:12:03 2025        

   CASSCF title (first line only):
       O2, 1B2u 5S                                                             

  STATE IRREP:                3
  SPIN MULTIPLICITY:          1
  ACTIVE ELECTRONS:          12
  MAX RAS1 HOLES:             0
  MAX RAS3 ELECTRONS:         0
  NR OF CONFIG:              40

   Specific data for JOBIPH file JOBIPH07
   -------------------------------------

   Header from SEWARD:
                            O2, D2h symmetry, aug-cc-pVTZ                      
        Integrals generated by Gateway/Seward, Wed Apr 16 15:48:28 2025        

   CASSCF title (first line only):
       O2, 3B2u 6S                                                             

  STATE IRREP:                3
  SPIN MULTIPLICITY:          3
  ACTIVE ELECTRONS:          12
  MAX RAS1 HOLES:             0
  MAX RAS3 ELECTRONS:         0
  NR OF CONFIG:              48

   Specific data for JOBIPH file JOBIPH08
   -------------------------------------

   Header from SEWARD:
                            O2, D2h symmetry, aug-cc-pVTZ                      
        Integrals generated by Gateway/Seward, Wed Apr 16 15:48:28 2025        

   CASSCF title (first line only):
       O2, 5B2u 1S                                                             

  STATE IRREP:                3
  SPIN MULTIPLICITY:          5
  ACTIVE ELECTRONS:          12
  MAX RAS1 HOLES:             0
  MAX RAS3 ELECTRONS:         0
  NR OF CONFIG:               8

   Specific data for JOBIPH file JOBIPH09
   -------------------------------------

   Header from SEWARD:
                            O2, D2h symmetry, aug-cc-pVTZ                      
        Integrals generated by Gateway/Seward, Wed Apr 16 15:48:28 2025        

   CASSCF title (first line only):
       O2, 1B1g 5S                                                             

  STATE IRREP:                4
  SPIN MULTIPLICITY:          1
  ACTIVE ELECTRONS:          12
  MAX RAS1 HOLES:             0
  MAX RAS3 ELECTRONS:         0
  NR OF CONFIG:              36

   Specific data for JOBIPH file JOBIPH10
   -------------------------------------

   Header from SEWARD:
                            O2, D2h symmetry, aug-cc-pVTZ                      
        Integrals generated by Gateway/Seward, Wed Apr 16 15:48:28 2025        

   CASSCF title (first line only):
       O2, 3B1g 6S                                                             

  STATE IRREP:                4
  SPIN MULTIPLICITY:          3
  ACTIVE ELECTRONS:          12
  MAX RAS1 HOLES:             0
  MAX RAS3 ELECTRONS:         0
  NR OF CONFIG:              48

   Specific data for JOBIPH file JOBIPH11
   -------------------------------------

   Header from SEWARD:
                            O2, D2h symmetry, aug-cc-pVTZ                      
        Integrals generated by Gateway/Seward, Wed Apr 16 15:48:28 2025        

   CASSCF title (first line only):
       O2, 5B1g 1S                                                             

  STATE IRREP:                4
  SPIN MULTIPLICITY:          5
  ACTIVE ELECTRONS:          12
  MAX RAS1 HOLES:             0
  MAX RAS3 ELECTRONS:         0
  NR OF CONFIG:              12

   Specific data for JOBIPH file JOBIPH12
   -------------------------------------

   Header from SEWARD:
                            O2, D2h symmetry, aug-cc-pVTZ                      
        Integrals generated by Gateway/Seward, Thu Apr 17 11:12:03 2025        

   CASSCF title (first line only):
       O2, 1B1u 3S                                                             

  STATE IRREP:                5
  SPIN MULTIPLICITY:          1
  ACTIVE ELECTRONS:          12
  MAX RAS1 HOLES:             0
  MAX RAS3 ELECTRONS:         0
  NR OF CONFIG:              44

   Specific data for JOBIPH file JOBIPH13
   -------------------------------------

   Header from SEWARD:
                            O2, D2h symmetry, aug-cc-pVTZ                      
        Integrals generated by Gateway/Seward, Wed Apr 16 15:48:28 2025        

   CASSCF title (first line only):
       O2, 3B1u 6S                                                             

  STATE IRREP:                5
  SPIN MULTIPLICITY:          3
  ACTIVE ELECTRONS:          12
  MAX RAS1 HOLES:             0
  MAX RAS3 ELECTRONS:         0
  NR OF CONFIG:              48

   Specific data for JOBIPH file JOBIPH14
   -------------------------------------

   Header from SEWARD:
                            O2, D2h symmetry, aug-cc-pVTZ                      
        Integrals generated by Gateway/Seward, Wed Apr 16 15:48:28 2025        

   CASSCF title (first line only):
       O2, 1B2g 5S                                                             

  STATE IRREP:                6
  SPIN MULTIPLICITY:          1
  ACTIVE ELECTRONS:          12
  MAX RAS1 HOLES:             0
  MAX RAS3 ELECTRONS:         0
  NR OF CONFIG:              40

   Specific data for JOBIPH file JOBIPH15
   -------------------------------------

   Header from SEWARD:
                            O2, D2h symmetry, aug-cc-pVTZ                      
        Integrals generated by Gateway/Seward, Wed Apr 16 15:48:28 2025        

   CASSCF title (first line only):
       O2, 3B2g 6S                                                             

  STATE IRREP:                6
  SPIN MULTIPLICITY:          3
  ACTIVE ELECTRONS:          12
  MAX RAS1 HOLES:             0
  MAX RAS3 ELECTRONS:         0
  NR OF CONFIG:              48

   Specific data for JOBIPH file JOBIPH16
   -------------------------------------

   Header from SEWARD:
                            O2, D2h symmetry, aug-cc-pVTZ                      
        Integrals generated by Gateway/Seward, Wed Apr 16 15:48:28 2025        

   CASSCF title (first line only):
       O2, 5B2g 1S                                                             

  STATE IRREP:                6
  SPIN MULTIPLICITY:          5
  ACTIVE ELECTRONS:          12
  MAX RAS1 HOLES:             0
  MAX RAS3 ELECTRONS:         0
  NR OF CONFIG:               8

   Specific data for JOBIPH file JOBIPH17
   -------------------------------------

   Header from SEWARD:
                            O2, D2h symmetry, aug-cc-pVTZ                      
        Integrals generated by Gateway/Seward, Wed Apr 16 15:48:28 2025        

   CASSCF title (first line only):
       O2, 1B3g 5S                                                             

  STATE IRREP:                7
  SPIN MULTIPLICITY:          1
  ACTIVE ELECTRONS:          12
  MAX RAS1 HOLES:             0
  MAX RAS3 ELECTRONS:         0
  NR OF CONFIG:              40

   Specific data for JOBIPH file JOBIPH18
   -------------------------------------

   Header from SEWARD:
                            O2, D2h symmetry, aug-cc-pVTZ                      
        Integrals generated by Gateway/Seward, Wed Apr 16 15:48:28 2025        

   CASSCF title (first line only):
       O2, 3B3g 6S                                                             

  STATE IRREP:                7
  SPIN MULTIPLICITY:          3
  ACTIVE ELECTRONS:          12
  MAX RAS1 HOLES:             0
  MAX RAS3 ELECTRONS:         0
  NR OF CONFIG:              48

   Specific data for JOBIPH file JOBIPH19
   -------------------------------------

   Header from SEWARD:
                            O2, D2h symmetry, aug-cc-pVTZ                      
        Integrals generated by Gateway/Seward, Wed Apr 16 15:48:28 2025        

   CASSCF title (first line only):
       O2, 5B3g 1S                                                             

  STATE IRREP:                7
  SPIN MULTIPLICITY:          5
  ACTIVE ELECTRONS:          12
  MAX RAS1 HOLES:             0
  MAX RAS3 ELECTRONS:         0
  NR OF CONFIG:               8

   Specific data for JOBIPH file JOBIPH20
   -------------------------------------

   Header from SEWARD:
                            O2, D2h symmetry, aug-cc-pVTZ                      
        Integrals generated by Gateway/Seward, Thu Apr 17 11:12:03 2025        

   CASSCF title (first line only):
       O2, 1Au 5S                                                              

  STATE IRREP:                8
  SPIN MULTIPLICITY:          1
  ACTIVE ELECTRONS:          12
  MAX RAS1 HOLES:             0
  MAX RAS3 ELECTRONS:         0
  NR OF CONFIG:              36

   Specific data for JOBIPH file JOBIPH21
   -------------------------------------

   Header from SEWARD:
                            O2, D2h symmetry, aug-cc-pVTZ                      
        Integrals generated by Gateway/Seward, Wed Apr 16 15:48:28 2025        

   CASSCF title (first line only):
       O2, 3Au 6S                                                              

  STATE IRREP:                8
  SPIN MULTIPLICITY:          3
  ACTIVE ELECTRONS:          12
  MAX RAS1 HOLES:             0
  MAX RAS3 ELECTRONS:         0
  NR OF CONFIG:              48

   Specific data for JOBIPH file JOBIPH22
   -------------------------------------

   Header from SEWARD:
                            O2, D2h symmetry, aug-cc-pVTZ                      
        Integrals generated by Gateway/Seward, Wed Apr 16 15:48:28 2025        

   CASSCF title (first line only):
       O2, 5Au 1S                                                              

  STATE IRREP:                8
  SPIN MULTIPLICITY:          5
  ACTIVE ELECTRONS:          12
  MAX RAS1 HOLES:             0
  MAX RAS3 ELECTRONS:         0
  NR OF CONFIG:              12
 ###############################################################################
 ###############################################################################
 ###                                                                         ###
 ###                                                                         ###
 ###    WARNING: EJOB used when HEFF is available, possible                  ###
 ###    extra interaction between states is ignored!                         ###
 ###                                                                         ###
 ###                                                                         ###
 ###############################################################################
 ###############################################################################

   The following data are common to all the states:
   ------------------------------------------------
   (note: frozen counts as inactive, deleted as secondary)

      Nr of irreps: 8

                 Total     No./Irrep 
      Irrep                  1   2   3   4   5   6   7   8
                            ag b3u b2u b1g b1u b2g b3g  au

      INACTIVE       2       1   0   0   0   1   0   0   0
      ACTIVE         8       2   1   1   0   2   1   1   0
      SECONDARY     82      16  10  10   5  16  10  10   5
      BASIS         92      19  11  11   5  19  11  11   5

      RAS1           0       0   0   0   0   0   0   0   0
      RAS2           8       2   1   1   0   2   1   1   0
      RAS3           0       0   0   0   0   0   0   0   0

        MATRIX ELEMENTS WILL BE COMPUTED FOR THE FOLLOWING ONE-ELECTRON OPERATORS, UNLESS ZERO BY SYMMETRY.
   (Herm=Hermitian, Anti=Antihermitian, Sing=Singlet operator, Trip=Triplet operator)
     MLTPL  0   1 (HERMSING)     MLTPL  1   1 (HERMSING)     MLTPL  1   2 (HERMSING)
     MLTPL  1   3 (HERMSING)     MLTPL  2   1 (HERMSING)     MLTPL  2   2 (HERMSING)
     MLTPL  2   3 (HERMSING)     MLTPL  2   4 (HERMSING)     MLTPL  2   5 (HERMSING)
     MLTPL  2   6 (HERMSING)     VELOCITY   1 (ANTISING)     VELOCITY   2 (ANTISING)
     VELOCITY   3 (ANTISING)     ANGMOM     1 (ANTISING)     ANGMOM     2 (ANTISING)
     ANGMOM     3 (ANTISING)     MLTPV  2   1 (ANTISING)     MLTPV  2   2 (ANTISING)
     MLTPV  2   3 (ANTISING)     MLTPV  2   4 (ANTISING)     MLTPV  2   5 (ANTISING)
     MLTPV  2   6 (ANTISING)

       EIGENSTATES OF A SPIN-FREE HAMILTONIAN WILL BE COMPUTED BASED ON:

  a Hamiltonian matrix assumed to be diagonal with energies read from the wavefunction file(s).

  Nr of states:                   99

   State:        1   2   3   4   5   6   7   8   9  10  11  12  13  14  15  16  17  18  19  20
  JobIph:        1   1   1   1   1   1   1   1   1   1   1   1   2   2   2   3   3   3   4   4
 Root nr:        1   2   3   4   5   6   7   8   9  10  11  12   1   2   3   1   2   3   1   2

   State:       21  22  23  24  25  26  27  28  29  30  31  32  33  34  35  36  37  38  39  40
  JobIph:        4   4   4   5   5   5   5   5   5   6   7   7   7   7   7   8   8   8   8   8
 Root nr:        3   4   5   1   2   3   4   5   6   1   1   2   3   4   5   1   2   3   4   5

   State:       41  42  43  44  45  46  47  48  49  50  51  52  53  54  55  56  57  58  59  60
  JobIph:        8   9  10  10  10  10  10  11  11  11  11  11  11  12  13  13  13  14  14  14
 Root nr:        6   1   1   2   3   4   5   1   2   3   4   5   6   1   1   2   3   1   2   3

   State:       61  62  63  64  65  66  67  68  69  70  71  72  73  74  75  76  77  78  79  80
  JobIph:       14  14  14  15  15  15  15  15  16  16  16  16  16  16  17  18  18  18  18  18
 Root nr:        4   5   6   1   2   3   4   5   1   2   3   4   5   6   1   1   2   3   4   5

   State:       81  82  83  84  85  86  87  88  89  90  91  92  93  94  95  96  97  98  99
  JobIph:       19  19  19  19  19  19  20  21  21  21  21  21  22  22  22  22  22  22  23
 Root nr:        1   2   3   4   5   6   1   1   2   3   4   5   1   2   3   4   5   6   1

  HAMILTONIAN MATRIX FOR THE ORIGINAL STATES:

  Diagonal, with energies
   -149.60895437   -149.60895201   -149.59712473   -149.44752505   -149.44644874
   -149.44644636   -149.44284164   -149.43812267   -149.43812259   -149.37886800
   -149.37417696   -149.31023058   -149.52770155   -149.52769918   -149.51762368
   -149.60895437   -149.60895201   -149.59712473   -149.60304495   -149.44698660
   -149.44229559   -149.44228661   -149.37833008   -149.60305389   -149.52824127
   -149.52354842   -149.52354834   -149.52179659   -149.45959401   -149.60304495
   -149.60304495   -149.44698660   -149.44229559   -149.44228661   -149.37833008
   -149.60305389   -149.52824127   -149.52354842   -149.52354834   -149.52179659
   -149.45959401   -149.60304495   -149.60895437   -149.44644874   -149.44284164
   -149.43812259   -149.37417696   -149.60895680   -149.52770398   -149.52770155
   -149.52234414   -149.51762368   -149.45368126   -149.60895437   -149.44284454
   -149.37889999   -149.37418346   -149.60895437   -149.60895201   -149.59712473
   -149.52770155   -149.52769918   -149.51762368   -149.60305389   -149.44699029
   -149.44230447   -149.44229558   -149.37835231   -149.60304495   -149.52824127
   -149.52354842   -149.52354834   -149.52179659   -149.45959401   -149.60305389
   -149.60305389   -149.44699029   -149.44230447   -149.44229558   -149.37835231
   -149.60304495   -149.52824127   -149.52354842   -149.52354834   -149.52179659
   -149.45959401   -149.60305389   -149.60895680   -149.44645116   -149.44284454
   -149.43812267   -149.37418346   -149.60895437   -149.52770398   -149.52770155
   -149.52234414   -149.51762368   -149.45368126   -149.60895680

      OVERLAP MATRIX FOR THE ORIGINAL STATES:

  Diagonal, with elements
      1.00000000      1.00000000      1.00000000      1.00000000      1.00000000
      1.00000000      1.00000000      1.00000000      1.00000000      1.00000000
      1.00000000      1.00000000      1.00000000      1.00000000      1.00000000
      1.00000000      1.00000000      1.00000000      1.00000000      1.00000000
      1.00000000      1.00000000      1.00000000      1.00000000      1.00000000
      1.00000000      1.00000000      1.00000000      1.00000000      1.00000000
      1.00000000      1.00000000      1.00000000      1.00000000      1.00000000
      1.00000000      1.00000000      1.00000000      1.00000000      1.00000000
      1.00000000      1.00000000      1.00000000      1.00000000      1.00000000
      1.00000000      1.00000000      1.00000000      1.00000000      1.00000000
      1.00000000      1.00000000      1.00000000      1.00000000      1.00000000
      1.00000000      1.00000000      1.00000000      1.00000000      1.00000000
      1.00000000      1.00000000      1.00000000      1.00000000      1.00000000
      1.00000000      1.00000000      1.00000000      1.00000000      1.00000000
      1.00000000      1.00000000      1.00000000      1.00000000      1.00000000
      1.00000000      1.00000000      1.00000000      1.00000000      1.00000000
      1.00000000      1.00000000      1.00000000      1.00000000      1.00000000
      1.00000000      1.00000000      1.00000000      1.00000000      1.00000000
      1.00000000      1.00000000      1.00000000      1.00000000      1.00000000
      1.00000000      1.00000000      1.00000000      1.00000000

::    RASSI State    1     Total energy:    -149.60895437187926
::    RASSI State    2     Total energy:    -149.60895201131294
::    RASSI State    3     Total energy:    -149.59712473357234
::    RASSI State    4     Total energy:    -149.44752504834656
::    RASSI State    5     Total energy:    -149.44644873977768
::    RASSI State    6     Total energy:    -149.44644635978153
::    RASSI State    7     Total energy:    -149.44284163820134
::    RASSI State    8     Total energy:    -149.43812267041770
::    RASSI State    9     Total energy:    -149.43812258543869
::    RASSI State   10     Total energy:    -149.37886799514843
::    RASSI State   11     Total energy:    -149.37417695967221
::    RASSI State   12     Total energy:    -149.31023057903610
::    RASSI State   13     Total energy:    -149.52770155190910
::    RASSI State   14     Total energy:    -149.52769917803090
::    RASSI State   15     Total energy:    -149.51762367956383
::    RASSI State   16     Total energy:    -149.60895437177479
::    RASSI State   17     Total energy:    -149.60895201120974
::    RASSI State   18     Total energy:    -149.59712473357663
::    RASSI State   19     Total energy:    -149.60304495332085
::    RASSI State   20     Total energy:    -149.44698659658229
::    RASSI State   21     Total energy:    -149.44229558658927
::    RASSI State   22     Total energy:    -149.44228660752125
::    RASSI State   23     Total energy:    -149.37833008105045
::    RASSI State   24     Total energy:    -149.60305388615839
::    RASSI State   25     Total energy:    -149.52824127167730
::    RASSI State   26     Total energy:    -149.52354842093715
::    RASSI State   27     Total energy:    -149.52354834406063
::    RASSI State   28     Total energy:    -149.52179658645269
::    RASSI State   29     Total energy:    -149.45959401185044
::    RASSI State   30     Total energy:    -149.60304495340512
::    RASSI State   31     Total energy:    -149.60304495332096
::    RASSI State   32     Total energy:    -149.44698659658229
::    RASSI State   33     Total energy:    -149.44229558658921
::    RASSI State   34     Total energy:    -149.44228660752142
::    RASSI State   35     Total energy:    -149.37833008105051
::    RASSI State   36     Total energy:    -149.60305388615836
::    RASSI State   37     Total energy:    -149.52824127167725
::    RASSI State   38     Total energy:    -149.52354842093700
::    RASSI State   39     Total energy:    -149.52354834406060
::    RASSI State   40     Total energy:    -149.52179658645261
::    RASSI State   41     Total energy:    -149.45959401185038
::    RASSI State   42     Total energy:    -149.60304495340509
::    RASSI State   43     Total energy:    -149.60895437187938
::    RASSI State   44     Total energy:    -149.44644873977785
::    RASSI State   45     Total energy:    -149.44284163820157
::    RASSI State   46     Total energy:    -149.43812258543878
::    RASSI State   47     Total energy:    -149.37417695967230
::    RASSI State   48     Total energy:    -149.60895680052406
::    RASSI State   49     Total energy:    -149.52770397654029
::    RASSI State   50     Total energy:    -149.52770155190899
::    RASSI State   51     Total energy:    -149.52234413837292
::    RASSI State   52     Total energy:    -149.51762367956385
::    RASSI State   53     Total energy:    -149.45368125649017
::    RASSI State   54     Total energy:    -149.60895437177479
::    RASSI State   55     Total energy:    -149.44284454433628
::    RASSI State   56     Total energy:    -149.37889998616060
::    RASSI State   57     Total energy:    -149.37418345764061
::    RASSI State   58     Total energy:    -149.60895437184450
::    RASSI State   59     Total energy:    -149.60895201127849
::    RASSI State   60     Total energy:    -149.59712473357371
::    RASSI State   61     Total energy:    -149.52770155204766
::    RASSI State   62     Total energy:    -149.52769917816852
::    RASSI State   63     Total energy:    -149.51762367956277
::    RASSI State   64     Total energy:    -149.60305388611152
::    RASSI State   65     Total energy:    -149.44699029392291
::    RASSI State   66     Total energy:    -149.44230446892490
::    RASSI State   67     Total energy:    -149.44229557863483
::    RASSI State   68     Total energy:    -149.37835231044733
::    RASSI State   69     Total energy:    -149.60304495334881
::    RASSI State   70     Total energy:    -149.52824127169234
::    RASSI State   71     Total energy:    -149.52354842093698
::    RASSI State   72     Total energy:    -149.52354834408649
::    RASSI State   73     Total energy:    -149.52179658646565
::    RASSI State   74     Total energy:    -149.45959401186721
::    RASSI State   75     Total energy:    -149.60305388625207
::    RASSI State   76     Total energy:    -149.60305388611150
::    RASSI State   77     Total energy:    -149.44699029392291
::    RASSI State   78     Total energy:    -149.44230446892490
::    RASSI State   79     Total energy:    -149.44229557863483
::    RASSI State   80     Total energy:    -149.37835231044733
::    RASSI State   81     Total energy:    -149.60304495334881
::    RASSI State   82     Total energy:    -149.52824127169228
::    RASSI State   83     Total energy:    -149.52354842093698
::    RASSI State   84     Total energy:    -149.52354834408661
::    RASSI State   85     Total energy:    -149.52179658646563
::    RASSI State   86     Total energy:    -149.45959401186727
::    RASSI State   87     Total energy:    -149.60305388625213
::    RASSI State   88     Total energy:    -149.60895680055862
::    RASSI State   89     Total energy:    -149.44645115895366
::    RASSI State   90     Total energy:    -149.44284454433631
::    RASSI State   91     Total energy:    -149.43812267038768
::    RASSI State   92     Total energy:    -149.37418345764064
::    RASSI State   93     Total energy:    -149.60895437184453
::    RASSI State   94     Total energy:    -149.52770397640191
::    RASSI State   95     Total energy:    -149.52770155204769
::    RASSI State   96     Total energy:    -149.52234413837323
::    RASSI State   97     Total energy:    -149.51762367956266
::    RASSI State   98     Total energy:    -149.45368125649068
::    RASSI State   99     Total energy:    -149.60895680045513



      ****************************************************************************************************
      *                                                                                                  *
      *                                         Spin-free section                                        *
      *                                                                                                  *
      *                 Note: index according to input order, order according to energy.                 *
      *                                                                                                  *
      ****************************************************************************************************



  SPIN-FREE ENERGIES:
  (Shifted by EMIN (a.u.) =       -149.6089568006)

 SF State       Relative EMIN(au)   Rel lowest level(eV)    D:o, cm**(-1)      L_eff   Abs_M

    88             0.0000000000        0.0000000000              0.0000         1.0     0.0
    48             0.0000000000        0.0000000009              0.0000         1.0     0.0
    99             0.0000000001        0.0000000028              0.0000         1.0     0.0
    43             0.0000024287        0.0000660877              0.5330         2.0     2.0
     1             0.0000024287        0.0000660877              0.5330         2.0     2.0
    93             0.0000024287        0.0000660887              0.5330         2.0     2.0
    58             0.0000024287        0.0000660887              0.5330         2.0     2.0
    16             0.0000024288        0.0000660906              0.5331         2.0     2.0
    54             0.0000024288        0.0000660906              0.5331         2.0     2.0
     2             0.0000047892        0.0001303220              1.0511         1.0     0.0
    59             0.0000047893        0.0001303230              1.0511         1.0     0.0
    17             0.0000047893        0.0001303248              1.0511         1.0     0.0
    87             0.0059029143        0.1606264812           1295.5399         2.0     1.0
    75             0.0059029143        0.1606264812           1295.5399         2.0     1.0
    24             0.0059029144        0.1606264837           1295.5400         2.0     1.0
    36             0.0059029144        0.1606264837           1295.5400         2.0     1.0
    64             0.0059029144        0.1606264850           1295.5400         2.0     1.0
    76             0.0059029144        0.1606264850           1295.5400         2.0     1.0
    30             0.0059118472        0.1608695563           1297.5005         1.0     1.0
    42             0.0059118472        0.1608695563           1297.5005         1.0     1.0
    69             0.0059118472        0.1608695579           1297.5005         1.0     1.0
    81             0.0059118472        0.1608695579           1297.5005         1.0     1.0
    31             0.0059118472        0.1608695586           1297.5005         1.0     1.0
    19             0.0059118472        0.1608695586           1297.5005         1.0     1.0
    18             0.0118320670        0.3219669447           2596.8385         1.6     0.0
    60             0.0118320670        0.3219669448           2596.8385         1.6     0.0
     3             0.0118320670        0.3219669449           2596.8385         1.6     0.0
    70             0.0807155289        2.1963814320          17715.0109         2.4     1.0
    82             0.0807155289        2.1963814320          17715.0109         2.4     1.0
    25             0.0807155289        2.1963814324          17715.0109         2.4     1.0
    37             0.0807155289        2.1963814324          17715.0109         2.4     1.0
    49             0.0812528240        2.2110019779          17832.9336         2.0     0.0
    94             0.0812528242        2.2110019817          17832.9336         2.0     0.0
    95             0.0812552485        2.2110679517          17833.4657         2.7     2.0
    61             0.0812552485        2.2110679517          17833.4657         2.7     2.0
    13             0.0812552486        2.2110679555          17833.4657         2.7     2.0
    50             0.0812552486        2.2110679555          17833.4657         2.7     2.0
    62             0.0812576224        2.2111325483          17833.9867         2.0     0.0
    14             0.0812576225        2.2111325520          17833.9867         2.0     0.0
    26             0.0854083796        2.3240804065          18744.9726         1.6     1.0
    38             0.0854083796        2.3240804065          18744.9726         1.6     1.0
    71             0.0854083796        2.3240804065          18744.9726         1.6     1.0
    83             0.0854083796        2.3240804065          18744.9726         1.6     1.0
    84             0.0854084565        2.3240824977          18744.9895         3.0     3.0
    72             0.0854084565        2.3240824977          18744.9895         3.0     3.0
    27             0.0854084565        2.3240824984          18744.9895         3.0     3.0
    39             0.0854084565        2.3240824984          18744.9895         3.0     3.0
    96             0.0866126622        2.3568506045          19009.2821         2.4     0.0
    51             0.0866126622        2.3568506045          19009.2821         2.4     0.0
    73             0.0871602141        2.3717502510          19129.4559         2.4     1.0
    85             0.0871602141        2.3717502510          19129.4559         2.4     1.0
    28             0.0871602141        2.3717502513          19129.4559         2.4     1.0
    40             0.0871602141        2.3717502513          19129.4559         2.4     1.0
    52             0.0913331210        2.4853008324          20045.3031         2.4     2.0
    15             0.0913331210        2.4853008324          20045.3031         2.4     2.0
    63             0.0913331210        2.4853008325          20045.3031         2.4     2.0
    97             0.0913331210        2.4853008325          20045.3031         2.4     2.0
    86             0.1493627887        4.0643685339          32781.3430         1.0     1.0
    74             0.1493627887        4.0643685339          32781.3430         1.0     1.0
    29             0.1493627887        4.0643685343          32781.3430         1.0     1.0
    41             0.1493627887        4.0643685343          32781.3430         1.0     1.0
    98             0.1552755441        4.2252628042          34079.0428         1.0     0.0
    53             0.1552755441        4.2252628042          34079.0428         1.0     0.0
     4             0.1614317522        4.3927817618          35430.1743         3.0     0.0
    65             0.1619665066        4.4073331710          35547.5393         3.8     1.0
    77             0.1619665066        4.4073331710          35547.5393         3.8     1.0
    20             0.1619702040        4.4074337807          35548.3508         2.0     1.0
    32             0.1619702040        4.4074337807          35548.3508         2.0     1.0
    89             0.1625056416        4.4220037809          35665.8658         2.7     0.0
    44             0.1625080608        4.4220696100          35666.3967         3.3     2.0
     5             0.1625080608        4.4220696100          35666.3967         3.3     2.0
     6             0.1625104408        4.4221343730          35666.9191         2.7     0.0
    90             0.1661122562        4.5201447643          36457.4262         3.0     2.0
    55             0.1661122562        4.5201447643          36457.4262         3.0     2.0
    45             0.1661151624        4.5202238442          36458.0640         3.0     2.0
     7             0.1661151624        4.5202238442          36458.0640         3.0     2.0
    66             0.1666523316        4.5348409649          36575.9591         4.0     3.0
    78             0.1666523316        4.5348409649          36575.9591         4.0     3.0
    21             0.1666612140        4.5350826655          36577.9085         2.4     1.0
    33             0.1666612140        4.5350826655          36577.9085         2.4     1.0
    67             0.1666612219        4.5350828820          36577.9102         2.4     1.0
    79             0.1666612219        4.5350828820          36577.9102         2.4     1.0
    34             0.1666701930        4.5353269984          36579.8792         3.0     3.0
    22             0.1666701930        4.5353269984          36579.8792         3.0     3.0
     8             0.1708341301        4.6486334993          37493.7577         1.6     0.0
    91             0.1708341302        4.6486335001          37493.7577         1.6     0.0
    46             0.1708342151        4.6486358117          37493.7764         4.0     4.0
     9             0.1708342151        4.6486358117          37493.7764         4.0     4.0
    56             0.2300568144        6.2601648351          50491.6345         2.0     0.0
    10             0.2300888054        6.2610353549          50498.6557         2.0     0.0
    80             0.2306044901        6.2750678505          50611.8355         2.0     1.0
    68             0.2306044901        6.2750678505          50611.8355         2.0     1.0
    35             0.2306267195        6.2756727432          50616.7142         2.0     1.0
    23             0.2306267195        6.2756727432          50616.7142         2.0     1.0
    92             0.2347733429        6.3885081144          51526.7929         2.0     2.0
    57             0.2347733429        6.3885081144          51526.7929         2.0     2.0
    47             0.2347798409        6.3886849331          51528.2190         2.0     2.0
    11             0.2347798409        6.3886849331          51528.2190         2.0     2.0
    12             0.2987262215        8.1287545957          65562.8273         0.0     0.0

++ Dipole transition strengths (spin-free states):
   -----------------------------------------------
     for osc. strength at least  1.00000000E-05

  ( Max oscillator strength is only    1.3799510456301058E-009 )
--

++ Velocity transition strengths (spin-free states):
   -------------------------------------------------
     for osc. strength at least  1.00000000E-05

      From   To        Osc. strength     Einstein coefficients Ax, Ay, Az (sec-1)    Total A (sec-1)
     -----------------------------------------------------------------------------------------------
        87   42       6.91118979E-05  0.00000000E+00  0.00000000E+00  1.77191750E-04  1.77191750E-04
        75   30       6.91118986E-05  0.00000000E+00  0.00000000E+00  1.77191748E-04  1.77191748E-04
        24   69       6.91114581E-05  0.00000000E+00  0.00000000E+00  1.77189136E-04  1.77189136E-04
        36   81       6.91114586E-05  0.00000000E+00  0.00000000E+00  1.77189136E-04  1.77189136E-04
        64   19       6.91112397E-05  0.00000000E+00  0.00000000E+00  1.77187827E-04  1.77187827E-04
        76   31       6.91112409E-05  0.00000000E+00  0.00000000E+00  1.77187824E-04  1.77187824E-04
        65   20       1.10090967E-04  0.00000000E+00  0.00000000E+00  4.83550116E-05  4.83550116E-05
        77   32       1.10090967E-04  0.00000000E+00  0.00000000E+00  4.83550116E-05  4.83550116E-05
        66   22       7.39036842E-05  0.00000000E+00  0.00000000E+00  7.57544487E-04  7.57544487E-04
        78   34       7.39036849E-05  0.00000000E+00  0.00000000E+00  7.57544480E-04  7.57544480E-04
        56   10       3.99267232E-05  0.00000000E+00  0.00000000E+00  1.31289657E-03  1.31289657E-03
        80   35       1.26811452E-05  0.00000000E+00  0.00000000E+00  2.01337520E-04  2.01337520E-04
        68   23       1.26811451E-05  0.00000000E+00  0.00000000E+00  2.01337520E-04  2.01337520E-04
     -----------------------------------------------------------------------------------------------
--

++ Length and velocity gauge comparison (spin-free states):
   --------------------------------------------------------

 --------------------------------------------------
 A comparison between the dipole oscillator strengths in 
 length and velocity gauge will be performed

     All dipole oscillator differences above the tolerance of   1.00000000E-01  will be printed 

 Due to basis set deficiency these oscillator may be problematic 

 The tolerance is defined as ABS(1-O_l/O_v) 
 O_l : dipole oscillator strength in length gauge
 O_p : dipole oscillator strength in velocity gauge
 --------------------------------------------------

  Problematic transitions have been found

      From   To       Difference (%) Osc. st. (len.) Osc. st. (vel.)
     ---------------------------------------------------------------
        87   42      --------------- below threshold  6.91118979E-05
        75   30      --------------- below threshold  6.91118986E-05
        24   69      --------------- below threshold  6.91114581E-05
        36   81      --------------- below threshold  6.91114586E-05
        64   19      --------------- below threshold  6.91112397E-05
        76   31      --------------- below threshold  6.91112409E-05
        65   20      --------------- below threshold  1.10090967E-04
        77   32      --------------- below threshold  1.10090967E-04
        66   22      --------------- below threshold  7.39036842E-05
        78   34      --------------- below threshold  7.39036849E-05
        56   10      --------------- below threshold  3.99267232E-05
        80   35      --------------- below threshold  1.26811452E-05
        68   23      --------------- below threshold  1.26811451E-05
     ---------------------------------------------------------------

 Number of problematic transitions =                    13

--

 Electric-dipole - electric-octupole not included
 Electric-dipole - magnetic-quadrupole not included


      ****************************************************************************************************
      *                                                                                                  *
      *                                    Special properties section                                    *
      *                                                                                                  *
      ****************************************************************************************************


++ I/O STATISTICS
 
  I. General I/O information
  - - - - - - - - - - - - - - - - - - - - - - - - - - - - - - - - - - - - - - - - - - -
  Unit  Name          Flsize      Write/Read            MBytes           Write/Read
                      (MBytes)       Calls              In/Out           Time, sec.
  - - - - - - - - - - - - - - - - - - - - - - - - - - - - - - - - - - - - - - - - - - -
   1  RUNFILE           0.99 .     266/  262973 .      2.5/   1902.4 .       0/       0
   2  ANNI              0.00 .       0/       0 .      0.0/      0.0 .       0/       0
   3  ONEINT            1.54 .       0/  126040 .      0.0/ 152831.4 .       0/      17
   4  JOBIPH            1.52 .       0/     651 .      0.0/      1.5 .       0/       0
   5  JOBIPH01          1.22 .       0/     219 .      0.0/      1.3 .       0/       0
   6  JOBIPH02          1.22 .       0/     219 .      0.0/      1.3 .       0/       0
   7  JOBIPH03          1.28 .       0/     315 .      0.0/      1.4 .       0/       0
   8  JOBIPH04          1.32 .       0/     363 .      0.0/      1.4 .       0/       0
   9  JOBIPH05          1.15 .       0/     123 .      0.0/      1.3 .       0/       0
  10  JOBIPH06          1.28 .       0/     315 .      0.0/      1.4 .       0/       0
  11  JOBIPH07          1.32 .       0/     363 .      0.0/      1.4 .       0/       0
  12  JOBIPH08          1.15 .       0/     123 .      0.0/      1.3 .       0/       0
  13  JOBIPH09          1.28 .       0/     315 .      0.0/      1.4 .       0/       0
  14  JOBIPH10          1.32 .       0/     363 .      0.0/      1.4 .       0/       0
  15  JOBIPH11          1.15 .       0/     123 .      0.0/      1.3 .       0/       0
  16  JOBIPH12          1.22 .       0/     219 .      0.0/      1.3 .       0/       0
  17  JOBIPH13          1.32 .       0/     363 .      0.0/      1.4 .       0/       0
  18  JOBIPH14          1.28 .       0/     315 .      0.0/      1.4 .       0/       0
  19  JOBIPH15          1.32 .       0/     363 .      0.0/      1.4 .       0/       0
  20  JOBIPH16          1.15 .       0/     123 .      0.0/      1.3 .       0/       0
  21  JOBIPH17          1.28 .       0/     315 .      0.0/      1.4 .       0/       0
  22  JOBIPH18          1.32 .       0/     363 .      0.0/      1.4 .       0/       0
  23  JOBIPH19          1.15 .       0/     123 .      0.0/      1.3 .       0/       0
  24  JOBIPH20          1.28 .       0/     315 .      0.0/      1.4 .       0/       0
  25  JOBIPH21          1.32 .       0/     363 .      0.0/      1.4 .       0/       0
  26  JOBIPH22          1.15 .       0/     123 .      0.0/      1.3 .       0/       0
  - - - - - - - - - - - - - - - - - - - - - - - - - - - - - - - - - - - - - - - - - - -
   *  TOTAL            31.50 .     266/  395490 .      2.5/ 154764.9 .       0/      18
  - - - - - - - - - - - - - - - - - - - - - - - - - - - - - - - - - - - - - - - - - - -
 
  II. I/O Access Patterns
  - - - - - - - - - - - - - - - - - - - -
  Unit  Name               % of random
                         Write/Read calls
  - - - - - - - - - - - - - - - - - - - -
   1  RUNFILE             28.6/  11.1
   2  ANNI                 0.0/   0.0
   3  ONEINT               0.0/  99.3
   4  JOBIPH               0.0/  51.9
   5  JOBIPH01             0.0/  55.7
   6  JOBIPH02             0.0/  55.7
   7  JOBIPH03             0.0/  54.0
   8  JOBIPH04             0.0/  53.4
   9  JOBIPH05             0.0/  60.2
  10  JOBIPH06             0.0/  54.0
  11  JOBIPH07             0.0/  53.4
  12  JOBIPH08             0.0/  60.2
  13  JOBIPH09             0.0/  54.0
  14  JOBIPH10             0.0/  53.4
  15  JOBIPH11             0.0/  60.2
  16  JOBIPH12             0.0/  55.7
  17  JOBIPH13             0.0/  53.4
  18  JOBIPH14             0.0/  54.0
  19  JOBIPH15             0.0/  53.4
  20  JOBIPH16             0.0/  60.2
  21  JOBIPH17             0.0/  54.0
  22  JOBIPH18             0.0/  53.4
  23  JOBIPH19             0.0/  60.2
  24  JOBIPH20             0.0/  54.0
  25  JOBIPH21             0.0/  53.4
  26  JOBIPH22             0.0/  60.2
  - - - - - - - - - - - - - - - - - - - -
--
--- Stop Module: rassi at Thu Apr 17 11:12:53 2025 /rc=_RC_ALL_IS_WELL_ ---
--- Module rassi spent 39 seconds ---

.##################.
.# Happy landing! #.
.##################.

    Timing: Wall=39.99 User=19.90 System=19.55
